<?xml version="1.0" encoding="UTF-8"?>
<!-- Generated by org.testng.reporters.JUnitReportReporter -->
<testsuite hostname="DESKTOP-8C7MPNN" name="TestCases.LoginSuccessfullTestCase" tests="1" failures="0" timestamp="6 Dec 2018 06:12:17 GMT" time="6.244" errors="0">
  <testcase name="executeTestCase" time="6.244" classname="TestCases.LoginSuccessfullTestCase"/>
</testsuite> <!-- TestCases.LoginSuccessfullTestCase -->
